[ 2017-05-25T04:35:35+08:00 ] 116.62.162.121 /album/
INFO: [ app_init ] --START--
INFO: Run Behavior\BuildLiteBehavior [ RunTime:0.000011s ]
INFO: [ app_init ] --END-- [ RunTime:0.000110s ]
INFO: [ app_begin ] --START--
INFO: Run Behavior\ReadHtmlCacheBehavior [ RunTime:0.000071s ]
INFO: [ app_begin ] --END-- [ RunTime:0.000104s ]
INFO: [ view_parse ] --START--
INFO: [ template_filter ] --START--
INFO: Run Behavior\ContentReplaceBehavior [ RunTime:0.000042s ]
INFO: [ template_filter ] --END-- [ RunTime:0.000078s ]
NOTIC: [2] constant(): Couldn't find constant AlbumBGMUrl /www/wwwroot/tp3.dingstudio.cn/album/AlbumView/Runtime/Cache/Home/8d82d417c9e6dcefb0a7aaea91753bdf.php 第 126 行.
INFO: Run Behavior\ParseTemplateBehavior [ RunTime:0.004203s ]
INFO: [ view_parse ] --END-- [ RunTime:0.004239s ]
INFO: [ view_filter ] --START--
INFO: Run Behavior\WriteHtmlCacheBehavior [ RunTime:0.000082s ]
INFO: [ view_filter ] --END-- [ RunTime:0.000113s ]
INFO: [ app_end ] --START--
INFO: Run Behavior\ShowPageTraceBehavior [ RunTime:0.000073s ]
INFO: [ app_end ] --END-- [ RunTime:0.000106s ]

[ 2017-05-25T04:35:54+08:00 ] 116.62.162.121 /album/index.php?c=ajax&a=getinfo
INFO: [ app_init ] --START--
INFO: Run Behavior\BuildLiteBehavior [ RunTime:0.000011s ]
INFO: [ app_init ] --END-- [ RunTime:0.000108s ]
INFO: [ app_begin ] --START--
INFO: Run Behavior\ReadHtmlCacheBehavior [ RunTime:0.000065s ]
INFO: [ app_begin ] --END-- [ RunTime:0.000098s ]
SQL: SHOW COLUMNS FROM `myalbum` [ RunTime:0.0005s ]
SQL: SELECT * FROM `myalbum`  [ RunTime:0.0001s ]

[ 2017-05-25T08:15:46+08:00 ] 218.75.119.139 /album/
INFO: [ app_init ] --START--
INFO: Run Behavior\BuildLiteBehavior [ RunTime:0.000016s ]
INFO: [ app_init ] --END-- [ RunTime:0.000159s ]
INFO: [ app_begin ] --START--
INFO: Run Behavior\ReadHtmlCacheBehavior [ RunTime:0.000070s ]
INFO: [ app_begin ] --END-- [ RunTime:0.000105s ]
INFO: [ view_parse ] --START--
INFO: [ template_filter ] --START--
INFO: Run Behavior\ContentReplaceBehavior [ RunTime:0.000042s ]
INFO: [ template_filter ] --END-- [ RunTime:0.000081s ]
NOTIC: [2] constant(): Couldn't find constant AlbumBGMUrl /www/wwwroot/tp3.dingstudio.cn/album/AlbumView/Runtime/Cache/Home/8d82d417c9e6dcefb0a7aaea91753bdf.php 第 126 行.
INFO: Run Behavior\ParseTemplateBehavior [ RunTime:0.003629s ]
INFO: [ view_parse ] --END-- [ RunTime:0.003660s ]
INFO: [ view_filter ] --START--
INFO: Run Behavior\WriteHtmlCacheBehavior [ RunTime:0.000070s ]
INFO: [ view_filter ] --END-- [ RunTime:0.000099s ]
INFO: [ app_end ] --START--
INFO: Run Behavior\ShowPageTraceBehavior [ RunTime:0.000067s ]
INFO: [ app_end ] --END-- [ RunTime:0.000098s ]

[ 2017-05-25T08:15:47+08:00 ] 218.75.119.139 /album/index.php?c=ajax&a=getinfo
INFO: [ app_init ] --START--
INFO: Run Behavior\BuildLiteBehavior [ RunTime:0.000013s ]
INFO: [ app_init ] --END-- [ RunTime:0.000129s ]
INFO: [ app_begin ] --START--
INFO: Run Behavior\ReadHtmlCacheBehavior [ RunTime:0.000078s ]
INFO: [ app_begin ] --END-- [ RunTime:0.000118s ]
SQL: SHOW COLUMNS FROM `myalbum` [ RunTime:0.0006s ]
SQL: SELECT * FROM `myalbum`  [ RunTime:0.0002s ]

[ 2017-05-25T08:17:17+08:00 ] 218.75.119.139 /album/index.php?c=ajax&a=getinfo
INFO: [ app_init ] --START--
INFO: Run Behavior\BuildLiteBehavior [ RunTime:0.000010s ]
INFO: [ app_init ] --END-- [ RunTime:0.000105s ]
INFO: [ app_begin ] --START--
INFO: Run Behavior\ReadHtmlCacheBehavior [ RunTime:0.000062s ]
INFO: [ app_begin ] --END-- [ RunTime:0.000094s ]
SQL: SHOW COLUMNS FROM `myalbum` [ RunTime:0.0005s ]
SQL: SELECT * FROM `myalbum`  [ RunTime:0.0001s ]

[ 2017-05-25T08:17:20+08:00 ] 218.75.119.139 /album/index.php?c=ajax&a=getinfo
INFO: [ app_init ] --START--
INFO: Run Behavior\BuildLiteBehavior [ RunTime:0.000012s ]
INFO: [ app_init ] --END-- [ RunTime:0.000108s ]
INFO: [ app_begin ] --START--
INFO: Run Behavior\ReadHtmlCacheBehavior [ RunTime:0.000063s ]
INFO: [ app_begin ] --END-- [ RunTime:0.000095s ]
SQL: SHOW COLUMNS FROM `myalbum` [ RunTime:0.0005s ]
SQL: SELECT * FROM `myalbum`  [ RunTime:0.0001s ]

[ 2017-05-25T08:36:20+08:00 ] 218.75.119.139 /album/index.php?c=ajax&a=getinfo
INFO: [ app_init ] --START--
INFO: Run Behavior\BuildLiteBehavior [ RunTime:0.000020s ]
INFO: [ app_init ] --END-- [ RunTime:0.000214s ]
INFO: [ app_begin ] --START--
INFO: Run Behavior\ReadHtmlCacheBehavior [ RunTime:0.000100s ]
INFO: [ app_begin ] --END-- [ RunTime:0.000160s ]
SQL: SHOW COLUMNS FROM `myalbum` [ RunTime:0.0052s ]
SQL: SELECT * FROM `myalbum`  [ RunTime:0.0009s ]

[ 2017-05-25T08:36:22+08:00 ] 218.75.119.139 /album/index.php?c=ajax&a=getinfo
INFO: [ app_init ] --START--
INFO: Run Behavior\BuildLiteBehavior [ RunTime:0.000012s ]
INFO: [ app_init ] --END-- [ RunTime:0.000117s ]
INFO: [ app_begin ] --START--
INFO: Run Behavior\ReadHtmlCacheBehavior [ RunTime:0.000066s ]
INFO: [ app_begin ] --END-- [ RunTime:0.000103s ]
SQL: SHOW COLUMNS FROM `myalbum` [ RunTime:0.0006s ]
SQL: SELECT * FROM `myalbum`  [ RunTime:0.0001s ]

[ 2017-05-25T09:12:00+08:00 ] 218.75.119.139 /album/index.php?c=ajax&a=getinfo
INFO: [ app_init ] --START--
INFO: Run Behavior\BuildLiteBehavior [ RunTime:0.000015s ]
INFO: [ app_init ] --END-- [ RunTime:0.000178s ]
INFO: [ app_begin ] --START--
INFO: Run Behavior\ReadHtmlCacheBehavior [ RunTime:0.000096s ]
INFO: [ app_begin ] --END-- [ RunTime:0.000174s ]
SQL: SHOW COLUMNS FROM `myalbum` [ RunTime:0.0005s ]
SQL: SELECT * FROM `myalbum`  [ RunTime:0.0001s ]

[ 2017-05-25T09:12:04+08:00 ] 218.75.119.139 /album/index.php?c=ajax&a=getcmts
INFO: [ app_init ] --START--
INFO: Run Behavior\BuildLiteBehavior [ RunTime:0.000016s ]
INFO: [ app_init ] --END-- [ RunTime:0.000157s ]
INFO: [ app_begin ] --START--
INFO: Run Behavior\ReadHtmlCacheBehavior [ RunTime:0.000092s ]
INFO: [ app_begin ] --END-- [ RunTime:0.000146s ]
SQL: SHOW COLUMNS FROM `myalbum_comments` [ RunTime:0.0007s ]
SQL: SELECT * FROM `myalbum_comments`  [ RunTime:0.0002s ]

[ 2017-05-25T09:18:15+08:00 ] 218.75.119.139 /album/index.php?c=ajax&a=getcmts
INFO: [ app_init ] --START--
INFO: Run Behavior\BuildLiteBehavior [ RunTime:0.000011s ]
INFO: [ app_init ] --END-- [ RunTime:0.000114s ]
INFO: [ app_begin ] --START--
INFO: Run Behavior\ReadHtmlCacheBehavior [ RunTime:0.000106s ]
INFO: [ app_begin ] --END-- [ RunTime:0.000160s ]
SQL: SHOW COLUMNS FROM `myalbum_comments` [ RunTime:0.0005s ]
SQL: SELECT * FROM `myalbum_comments`  [ RunTime:0.0001s ]

[ 2017-05-25T09:18:16+08:00 ] 218.75.119.139 /album/index.php?c=ajax&a=getcmts
INFO: [ app_init ] --START--
INFO: Run Behavior\BuildLiteBehavior [ RunTime:0.000011s ]
INFO: [ app_init ] --END-- [ RunTime:0.000112s ]
INFO: [ app_begin ] --START--
INFO: Run Behavior\ReadHtmlCacheBehavior [ RunTime:0.000065s ]
INFO: [ app_begin ] --END-- [ RunTime:0.000103s ]
SQL: SHOW COLUMNS FROM `myalbum_comments` [ RunTime:0.0005s ]
SQL: SELECT * FROM `myalbum_comments`  [ RunTime:0.0001s ]

[ 2017-05-25T09:18:18+08:00 ] 218.75.119.139 /album/index.php?c=ajax&a=getcmts
INFO: [ app_init ] --START--
INFO: Run Behavior\BuildLiteBehavior [ RunTime:0.000012s ]
INFO: [ app_init ] --END-- [ RunTime:0.000124s ]
INFO: [ app_begin ] --START--
INFO: Run Behavior\ReadHtmlCacheBehavior [ RunTime:0.000126s ]
INFO: [ app_begin ] --END-- [ RunTime:0.000186s ]
SQL: SHOW COLUMNS FROM `myalbum_comments` [ RunTime:0.0006s ]
SQL: SELECT * FROM `myalbum_comments`  [ RunTime:0.0002s ]

[ 2017-05-25T09:18:22+08:00 ] 218.75.119.139 /album/
INFO: [ app_init ] --START--
INFO: Run Behavior\BuildLiteBehavior [ RunTime:0.000011s ]
INFO: [ app_init ] --END-- [ RunTime:0.000117s ]
INFO: [ app_begin ] --START--
INFO: Run Behavior\ReadHtmlCacheBehavior [ RunTime:0.000071s ]
INFO: [ app_begin ] --END-- [ RunTime:0.000109s ]
INFO: [ view_parse ] --START--
INFO: [ template_filter ] --START--
INFO: Run Behavior\ContentReplaceBehavior [ RunTime:0.000067s ]
INFO: [ template_filter ] --END-- [ RunTime:0.000144s ]
NOTIC: [2] constant(): Couldn't find constant AlbumBGMUrl /www/wwwroot/tp3.dingstudio.cn/album/AlbumView/Runtime/Cache/Home/8d82d417c9e6dcefb0a7aaea91753bdf.php 第 126 行.
INFO: Run Behavior\ParseTemplateBehavior [ RunTime:0.005139s ]
INFO: [ view_parse ] --END-- [ RunTime:0.005186s ]
INFO: [ view_filter ] --START--
INFO: Run Behavior\WriteHtmlCacheBehavior [ RunTime:0.000125s ]
INFO: [ view_filter ] --END-- [ RunTime:0.000177s ]
INFO: [ app_end ] --START--
INFO: Run Behavior\ShowPageTraceBehavior [ RunTime:0.000101s ]
INFO: [ app_end ] --END-- [ RunTime:0.000155s ]

[ 2017-05-25T09:18:23+08:00 ] 218.75.119.139 /album/index.php?c=ajax&a=getinfo
INFO: [ app_init ] --START--
INFO: Run Behavior\BuildLiteBehavior [ RunTime:0.000014s ]
INFO: [ app_init ] --END-- [ RunTime:0.000149s ]
INFO: [ app_begin ] --START--
INFO: Run Behavior\ReadHtmlCacheBehavior [ RunTime:0.000093s ]
INFO: [ app_begin ] --END-- [ RunTime:0.000143s ]
SQL: SHOW COLUMNS FROM `myalbum` [ RunTime:0.0005s ]
SQL: SELECT * FROM `myalbum`  [ RunTime:0.0001s ]

[ 2017-05-25T09:18:48+08:00 ] 218.75.119.139 /album/index.php?c=ajax&a=postmsg
INFO: [ app_init ] --START--
INFO: Run Behavior\BuildLiteBehavior [ RunTime:0.000015s ]
INFO: [ app_init ] --END-- [ RunTime:0.000192s ]
INFO: [ app_begin ] --START--
INFO: Run Behavior\ReadHtmlCacheBehavior [ RunTime:0.000088s ]
INFO: [ app_begin ] --END-- [ RunTime:0.000140s ]
SQL: SHOW COLUMNS FROM `myalbum_comments` [ RunTime:0.0007s ]
SQL: INSERT INTO `myalbum_comments` (`name`,`contact`,`message`,`pushtime`) VALUES ('小强','xiaoqiang@dingstudio.cn','留言系统测试！','2017-05-25 09:18:48') [ RunTime:0.0026s ]

[ 2017-05-25T09:18:52+08:00 ] 218.75.119.139 /album/index.php?c=ajax&a=getcmts
INFO: [ app_init ] --START--
INFO: Run Behavior\BuildLiteBehavior [ RunTime:0.000011s ]
INFO: [ app_init ] --END-- [ RunTime:0.000128s ]
INFO: [ app_begin ] --START--
INFO: Run Behavior\ReadHtmlCacheBehavior [ RunTime:0.000063s ]
INFO: [ app_begin ] --END-- [ RunTime:0.000099s ]
SQL: SHOW COLUMNS FROM `myalbum_comments` [ RunTime:0.0017s ]
SQL: SELECT * FROM `myalbum_comments`  [ RunTime:0.0002s ]

[ 2017-05-25T09:25:18+08:00 ] 218.75.119.139 /album/index.php?c=ajax&a=getinfo
INFO: [ app_init ] --START--
INFO: Run Behavior\BuildLiteBehavior [ RunTime:0.000018s ]
INFO: [ app_init ] --END-- [ RunTime:0.000178s ]
INFO: [ app_begin ] --START--
INFO: Run Behavior\ReadHtmlCacheBehavior [ RunTime:0.000102s ]
INFO: [ app_begin ] --END-- [ RunTime:0.000163s ]
SQL: SHOW COLUMNS FROM `myalbum` [ RunTime:0.0007s ]
SQL: SELECT * FROM `myalbum`  [ RunTime:0.0002s ]

[ 2017-05-25T09:25:21+08:00 ] 218.75.119.139 /album/index.php?c=ajax&a=getcmts
INFO: [ app_init ] --START--
INFO: Run Behavior\BuildLiteBehavior [ RunTime:0.000011s ]
INFO: [ app_init ] --END-- [ RunTime:0.000144s ]
INFO: [ app_begin ] --START--
INFO: Run Behavior\ReadHtmlCacheBehavior [ RunTime:0.000063s ]
INFO: [ app_begin ] --END-- [ RunTime:0.000099s ]
SQL: SHOW COLUMNS FROM `myalbum_comments` [ RunTime:0.0010s ]
SQL: SELECT * FROM `myalbum_comments`  [ RunTime:0.0002s ]

[ 2017-05-25T09:25:21+08:00 ] 218.75.119.139 /album/index.php?c=ajax&a=getcmts
INFO: [ app_init ] --START--
INFO: Run Behavior\BuildLiteBehavior [ RunTime:0.000010s ]
INFO: [ app_init ] --END-- [ RunTime:0.000108s ]
INFO: [ app_begin ] --START--
INFO: Run Behavior\ReadHtmlCacheBehavior [ RunTime:0.000062s ]
INFO: [ app_begin ] --END-- [ RunTime:0.000097s ]
SQL: SHOW COLUMNS FROM `myalbum_comments` [ RunTime:0.0005s ]
SQL: SELECT * FROM `myalbum_comments`  [ RunTime:0.0001s ]

[ 2017-05-25T09:26:35+08:00 ] 218.75.119.139 /album/index.php?c=ajax&a=getcmts
INFO: [ app_init ] --START--
INFO: Run Behavior\BuildLiteBehavior [ RunTime:0.000010s ]
INFO: [ app_init ] --END-- [ RunTime:0.000120s ]
INFO: [ app_begin ] --START--
INFO: Run Behavior\ReadHtmlCacheBehavior [ RunTime:0.000062s ]
INFO: [ app_begin ] --END-- [ RunTime:0.000097s ]
SQL: SHOW COLUMNS FROM `myalbum_comments` [ RunTime:0.0005s ]
SQL: SELECT * FROM `myalbum_comments`  [ RunTime:0.0001s ]

[ 2017-05-25T09:27:26+08:00 ] 218.75.119.139 /album/index.php?c=ajax&a=getcmts
INFO: [ app_init ] --START--
INFO: Run Behavior\BuildLiteBehavior [ RunTime:0.000018s ]
INFO: [ app_init ] --END-- [ RunTime:0.000205s ]
INFO: [ app_begin ] --START--
INFO: Run Behavior\ReadHtmlCacheBehavior [ RunTime:0.000068s ]
INFO: [ app_begin ] --END-- [ RunTime:0.000106s ]
SQL: SHOW COLUMNS FROM `myalbum_comments` [ RunTime:0.0005s ]
SQL: SELECT * FROM `myalbum_comments`  [ RunTime:0.0001s ]

[ 2017-05-25T09:27:26+08:00 ] 218.75.119.139 /album/index.php?c=ajax&a=getinfo
INFO: [ app_init ] --START--
INFO: Run Behavior\BuildLiteBehavior [ RunTime:0.000010s ]
INFO: [ app_init ] --END-- [ RunTime:0.000110s ]
INFO: [ app_begin ] --START--
INFO: Run Behavior\ReadHtmlCacheBehavior [ RunTime:0.000062s ]
INFO: [ app_begin ] --END-- [ RunTime:0.000096s ]
SQL: SHOW COLUMNS FROM `myalbum` [ RunTime:0.0005s ]
SQL: SELECT * FROM `myalbum`  [ RunTime:0.0001s ]

[ 2017-05-25T09:27:44+08:00 ] 218.75.119.139 /album/index.php?c=ajax&a=getinfo
INFO: [ app_init ] --START--
INFO: Run Behavior\BuildLiteBehavior [ RunTime:0.000011s ]
INFO: [ app_init ] --END-- [ RunTime:0.000111s ]
INFO: [ app_begin ] --START--
INFO: Run Behavior\ReadHtmlCacheBehavior [ RunTime:0.000061s ]
INFO: [ app_begin ] --END-- [ RunTime:0.000097s ]
SQL: SHOW COLUMNS FROM `myalbum` [ RunTime:0.0005s ]
SQL: SELECT * FROM `myalbum`  [ RunTime:0.0002s ]

[ 2017-05-25T09:27:46+08:00 ] 218.75.119.139 /album/index.php?c=ajax&a=getcmts
INFO: [ app_init ] --START--
INFO: Run Behavior\BuildLiteBehavior [ RunTime:0.000011s ]
INFO: [ app_init ] --END-- [ RunTime:0.000111s ]
INFO: [ app_begin ] --START--
INFO: Run Behavior\ReadHtmlCacheBehavior [ RunTime:0.000076s ]
INFO: [ app_begin ] --END-- [ RunTime:0.000112s ]
SQL: SHOW COLUMNS FROM `myalbum_comments` [ RunTime:0.0005s ]
SQL: SELECT * FROM `myalbum_comments`  [ RunTime:0.0002s ]

[ 2017-05-25T09:29:32+08:00 ] 218.75.119.139 /album/index.php?c=ajax&a=getcmts
INFO: [ app_init ] --START--
INFO: Run Behavior\BuildLiteBehavior [ RunTime:0.000010s ]
INFO: [ app_init ] --END-- [ RunTime:0.000100s ]
INFO: [ app_begin ] --START--
INFO: Run Behavior\ReadHtmlCacheBehavior [ RunTime:0.000062s ]
INFO: [ app_begin ] --END-- [ RunTime:0.000094s ]
SQL: SHOW COLUMNS FROM `myalbum_comments` [ RunTime:0.0005s ]
SQL: SELECT * FROM `myalbum_comments`  [ RunTime:0.0001s ]

[ 2017-05-25T09:29:32+08:00 ] 218.75.119.139 /album/index.php?c=ajax&a=getcmts
INFO: [ app_init ] --START--
INFO: Run Behavior\BuildLiteBehavior [ RunTime:0.000011s ]
INFO: [ app_init ] --END-- [ RunTime:0.000107s ]
INFO: [ app_begin ] --START--
INFO: Run Behavior\ReadHtmlCacheBehavior [ RunTime:0.000084s ]
INFO: [ app_begin ] --END-- [ RunTime:0.000130s ]
SQL: SHOW COLUMNS FROM `myalbum_comments` [ RunTime:0.0007s ]
SQL: SELECT * FROM `myalbum_comments`  [ RunTime:0.0002s ]

[ 2017-05-25T09:29:34+08:00 ] 218.75.119.139 /album/index.php?c=ajax&a=getcmts
INFO: [ app_init ] --START--
INFO: Run Behavior\BuildLiteBehavior [ RunTime:0.000011s ]
INFO: [ app_init ] --END-- [ RunTime:0.000104s ]
INFO: [ app_begin ] --START--
INFO: Run Behavior\ReadHtmlCacheBehavior [ RunTime:0.000064s ]
INFO: [ app_begin ] --END-- [ RunTime:0.000096s ]
SQL: SHOW COLUMNS FROM `myalbum_comments` [ RunTime:0.0005s ]
SQL: SELECT * FROM `myalbum_comments`  [ RunTime:0.0001s ]

[ 2017-05-25T09:31:13+08:00 ] 218.75.119.139 /album/index.php?c=ajax&a=getcmts
INFO: [ app_init ] --START--
INFO: Run Behavior\BuildLiteBehavior [ RunTime:0.000010s ]
INFO: [ app_init ] --END-- [ RunTime:0.000108s ]
INFO: [ app_begin ] --START--
INFO: Run Behavior\ReadHtmlCacheBehavior [ RunTime:0.000080s ]
INFO: [ app_begin ] --END-- [ RunTime:0.000138s ]
SQL: SHOW COLUMNS FROM `myalbum_comments` [ RunTime:0.0005s ]
SQL: SELECT * FROM `myalbum_comments`  [ RunTime:0.0001s ]

[ 2017-05-25T09:32:31+08:00 ] 218.75.119.139 /album/index.php?c=ajax&a=getcmts
INFO: [ app_init ] --START--
INFO: Run Behavior\BuildLiteBehavior [ RunTime:0.000020s ]
INFO: [ app_init ] --END-- [ RunTime:0.000277s ]
INFO: [ app_begin ] --START--
INFO: Run Behavior\ReadHtmlCacheBehavior [ RunTime:0.000104s ]
INFO: [ app_begin ] --END-- [ RunTime:0.000149s ]
SQL: SHOW COLUMNS FROM `myalbum_comments` [ RunTime:0.0007s ]
SQL: SELECT * FROM `myalbum_comments`  [ RunTime:0.0002s ]

[ 2017-05-25T09:33:11+08:00 ] 218.75.119.139 /album/index.php?c=ajax&a=getcmts
INFO: [ app_init ] --START--
INFO: Run Behavior\BuildLiteBehavior [ RunTime:0.000012s ]
INFO: [ app_init ] --END-- [ RunTime:0.000123s ]
INFO: [ app_begin ] --START--
INFO: Run Behavior\ReadHtmlCacheBehavior [ RunTime:0.000073s ]
INFO: [ app_begin ] --END-- [ RunTime:0.000113s ]
SQL: SHOW COLUMNS FROM `myalbum_comments` [ RunTime:0.0009s ]
SQL: SELECT * FROM `myalbum_comments`  [ RunTime:0.0002s ]

[ 2017-05-25T09:34:19+08:00 ] 218.75.119.139 /album/index.php?c=ajax&a=getcmts
INFO: [ app_init ] --START--
INFO: Run Behavior\BuildLiteBehavior [ RunTime:0.000025s ]
INFO: [ app_init ] --END-- [ RunTime:0.000116s ]
INFO: [ app_begin ] --START--
INFO: Run Behavior\ReadHtmlCacheBehavior [ RunTime:0.000061s ]
INFO: [ app_begin ] --END-- [ RunTime:0.000094s ]
SQL: SHOW COLUMNS FROM `myalbum_comments` [ RunTime:0.0005s ]
SQL: SELECT * FROM `myalbum_comments`  [ RunTime:0.0001s ]

[ 2017-05-25T09:34:28+08:00 ] 218.75.119.139 /album/index.php?c=ajax&a=getinfo
INFO: [ app_init ] --START--
INFO: Run Behavior\BuildLiteBehavior [ RunTime:0.000016s ]
INFO: [ app_init ] --END-- [ RunTime:0.000133s ]
INFO: [ app_begin ] --START--
INFO: Run Behavior\ReadHtmlCacheBehavior [ RunTime:0.000064s ]
INFO: [ app_begin ] --END-- [ RunTime:0.000101s ]
SQL: SHOW COLUMNS FROM `myalbum` [ RunTime:0.0006s ]
SQL: SELECT * FROM `myalbum`  [ RunTime:0.0001s ]

[ 2017-05-25T09:36:27+08:00 ] 218.75.119.139 /album/index.php?c=ajax&a=getinfo
INFO: [ app_init ] --START--
INFO: Run Behavior\BuildLiteBehavior [ RunTime:0.000011s ]
INFO: [ app_init ] --END-- [ RunTime:0.000113s ]
INFO: [ app_begin ] --START--
INFO: Run Behavior\ReadHtmlCacheBehavior [ RunTime:0.000067s ]
INFO: [ app_begin ] --END-- [ RunTime:0.000103s ]
SQL: SHOW COLUMNS FROM `myalbum` [ RunTime:0.0005s ]
SQL: SELECT * FROM `myalbum`  [ RunTime:0.0001s ]

[ 2017-05-25T09:38:31+08:00 ] 218.75.119.139 /album/index.php?c=ajax&a=getinfo
INFO: [ app_init ] --START--
INFO: Run Behavior\BuildLiteBehavior [ RunTime:0.000012s ]
INFO: [ app_init ] --END-- [ RunTime:0.000141s ]
INFO: [ app_begin ] --START--
INFO: Run Behavior\ReadHtmlCacheBehavior [ RunTime:0.000090s ]
INFO: [ app_begin ] --END-- [ RunTime:0.000128s ]
SQL: SHOW COLUMNS FROM `myalbum` [ RunTime:0.0005s ]
SQL: SELECT * FROM `myalbum`  [ RunTime:0.0001s ]

[ 2017-05-25T09:39:43+08:00 ] 218.75.119.139 /album/index.php?c=ajax&a=getinfo
INFO: [ app_init ] --START--
INFO: Run Behavior\BuildLiteBehavior [ RunTime:0.000010s ]
INFO: [ app_init ] --END-- [ RunTime:0.000105s ]
INFO: [ app_begin ] --START--
INFO: Run Behavior\ReadHtmlCacheBehavior [ RunTime:0.000063s ]
INFO: [ app_begin ] --END-- [ RunTime:0.000095s ]
SQL: SHOW COLUMNS FROM `myalbum` [ RunTime:0.0006s ]
SQL: SELECT * FROM `myalbum`  [ RunTime:0.0001s ]

[ 2017-05-25T09:39:47+08:00 ] 218.75.119.139 /album/index.php?c=ajax&a=getinfo
INFO: [ app_init ] --START--
INFO: Run Behavior\BuildLiteBehavior [ RunTime:0.000010s ]
INFO: [ app_init ] --END-- [ RunTime:0.000130s ]
INFO: [ app_begin ] --START--
INFO: Run Behavior\ReadHtmlCacheBehavior [ RunTime:0.000062s ]
INFO: [ app_begin ] --END-- [ RunTime:0.000094s ]
SQL: SHOW COLUMNS FROM `myalbum` [ RunTime:0.0005s ]
SQL: SELECT * FROM `myalbum`  [ RunTime:0.0001s ]

[ 2017-05-25T09:39:50+08:00 ] 218.75.119.139 /album/index.php?c=ajax&a=getcmts
INFO: [ app_init ] --START--
INFO: Run Behavior\BuildLiteBehavior [ RunTime:0.000015s ]
INFO: [ app_init ] --END-- [ RunTime:0.000120s ]
INFO: [ app_begin ] --START--
INFO: Run Behavior\ReadHtmlCacheBehavior [ RunTime:0.000062s ]
INFO: [ app_begin ] --END-- [ RunTime:0.000094s ]
SQL: SHOW COLUMNS FROM `myalbum_comments` [ RunTime:0.0007s ]
SQL: SELECT * FROM `myalbum_comments`  [ RunTime:0.0001s ]

[ 2017-05-25T09:39:59+08:00 ] 218.75.119.139 /album/index.php?c=ajax&a=getinfo
INFO: [ app_init ] --START--
INFO: Run Behavior\BuildLiteBehavior [ RunTime:0.000011s ]
INFO: [ app_init ] --END-- [ RunTime:0.000108s ]
INFO: [ app_begin ] --START--
INFO: Run Behavior\ReadHtmlCacheBehavior [ RunTime:0.000064s ]
INFO: [ app_begin ] --END-- [ RunTime:0.000097s ]
SQL: SHOW COLUMNS FROM `myalbum` [ RunTime:0.0005s ]
SQL: SELECT * FROM `myalbum`  [ RunTime:0.0001s ]

[ 2017-05-25T09:39:59+08:00 ] 218.75.119.139 /album/index.php?c=ajax&a=getinfo
INFO: [ app_init ] --START--
INFO: Run Behavior\BuildLiteBehavior [ RunTime:0.000011s ]
INFO: [ app_init ] --END-- [ RunTime:0.000108s ]
INFO: [ app_begin ] --START--
INFO: Run Behavior\ReadHtmlCacheBehavior [ RunTime:0.000087s ]
INFO: [ app_begin ] --END-- [ RunTime:0.000133s ]
SQL: SHOW COLUMNS FROM `myalbum` [ RunTime:0.0005s ]
SQL: SELECT * FROM `myalbum`  [ RunTime:0.0001s ]

[ 2017-05-25T09:40:00+08:00 ] 218.75.119.139 /album/index.php?c=ajax&a=getcmts
INFO: [ app_init ] --START--
INFO: Run Behavior\BuildLiteBehavior [ RunTime:0.000011s ]
INFO: [ app_init ] --END-- [ RunTime:0.000127s ]
INFO: [ app_begin ] --START--
INFO: Run Behavior\ReadHtmlCacheBehavior [ RunTime:0.000064s ]
INFO: [ app_begin ] --END-- [ RunTime:0.000096s ]
SQL: SHOW COLUMNS FROM `myalbum_comments` [ RunTime:0.0005s ]
SQL: SELECT * FROM `myalbum_comments`  [ RunTime:0.0001s ]

[ 2017-05-25T09:41:17+08:00 ] 218.75.119.139 /album/
INFO: [ app_init ] --START--
INFO: Run Behavior\BuildLiteBehavior [ RunTime:0.000011s ]
INFO: [ app_init ] --END-- [ RunTime:0.000115s ]
INFO: [ app_begin ] --START--
INFO: Run Behavior\ReadHtmlCacheBehavior [ RunTime:0.000074s ]
INFO: [ app_begin ] --END-- [ RunTime:0.000112s ]
INFO: [ view_parse ] --START--
INFO: [ template_filter ] --START--
INFO: Run Behavior\ContentReplaceBehavior [ RunTime:0.000046s ]
INFO: [ template_filter ] --END-- [ RunTime:0.000106s ]
NOTIC: [2] constant(): Couldn't find constant AlbumBGMUrl /www/wwwroot/tp3.dingstudio.cn/album/AlbumView/Runtime/Cache/Home/8d82d417c9e6dcefb0a7aaea91753bdf.php 第 126 行.
INFO: Run Behavior\ParseTemplateBehavior [ RunTime:0.003142s ]
INFO: [ view_parse ] --END-- [ RunTime:0.003176s ]
INFO: [ view_filter ] --START--
INFO: Run Behavior\WriteHtmlCacheBehavior [ RunTime:0.000077s ]
INFO: [ view_filter ] --END-- [ RunTime:0.000107s ]
INFO: [ app_end ] --START--
INFO: Run Behavior\ShowPageTraceBehavior [ RunTime:0.000072s ]
INFO: [ app_end ] --END-- [ RunTime:0.000104s ]

[ 2017-05-25T09:41:18+08:00 ] 218.75.119.139 /album/index.php?c=ajax&a=getinfo
INFO: [ app_init ] --START--
INFO: Run Behavior\BuildLiteBehavior [ RunTime:0.000018s ]
INFO: [ app_init ] --END-- [ RunTime:0.000213s ]
INFO: [ app_begin ] --START--
INFO: Run Behavior\ReadHtmlCacheBehavior [ RunTime:0.000106s ]
INFO: [ app_begin ] --END-- [ RunTime:0.000167s ]
SQL: SHOW COLUMNS FROM `myalbum` [ RunTime:0.0008s ]
SQL: SELECT * FROM `myalbum`  [ RunTime:0.0002s ]

[ 2017-05-25T09:41:59+08:00 ] 218.75.119.139 /album/index.php?c=ajax&a=getinfo
INFO: [ app_init ] --START--
INFO: Run Behavior\BuildLiteBehavior [ RunTime:0.000010s ]
INFO: [ app_init ] --END-- [ RunTime:0.000115s ]
INFO: [ app_begin ] --START--
INFO: Run Behavior\ReadHtmlCacheBehavior [ RunTime:0.000062s ]
INFO: [ app_begin ] --END-- [ RunTime:0.000097s ]
SQL: SHOW COLUMNS FROM `myalbum` [ RunTime:0.0005s ]
SQL: SELECT * FROM `myalbum`  [ RunTime:0.0001s ]

[ 2017-05-25T09:42:56+08:00 ] 218.75.119.139 /album/
INFO: [ app_init ] --START--
INFO: Run Behavior\BuildLiteBehavior [ RunTime:0.000013s ]
INFO: [ app_init ] --END-- [ RunTime:0.000124s ]
INFO: [ app_begin ] --START--
INFO: Run Behavior\ReadHtmlCacheBehavior [ RunTime:0.000096s ]
INFO: [ app_begin ] --END-- [ RunTime:0.000139s ]
INFO: [ view_parse ] --START--
INFO: [ template_filter ] --START--
INFO: Run Behavior\ContentReplaceBehavior [ RunTime:0.000066s ]
INFO: [ template_filter ] --END-- [ RunTime:0.000228s ]
NOTIC: [2] constant(): Couldn't find constant AlbumBGMUrl /www/wwwroot/tp3.dingstudio.cn/album/AlbumView/Runtime/Cache/Home/8d82d417c9e6dcefb0a7aaea91753bdf.php 第 126 行.
INFO: Run Behavior\ParseTemplateBehavior [ RunTime:0.003962s ]
INFO: [ view_parse ] --END-- [ RunTime:0.004003s ]
INFO: [ view_filter ] --START--
INFO: Run Behavior\WriteHtmlCacheBehavior [ RunTime:0.000081s ]
INFO: [ view_filter ] --END-- [ RunTime:0.000118s ]
INFO: [ app_end ] --START--
INFO: Run Behavior\ShowPageTraceBehavior [ RunTime:0.000078s ]
INFO: [ app_end ] --END-- [ RunTime:0.000116s ]

[ 2017-05-25T09:42:57+08:00 ] 218.75.119.139 /album/index.php?c=ajax&a=getinfo
INFO: [ app_init ] --START--
INFO: Run Behavior\BuildLiteBehavior [ RunTime:0.000012s ]
INFO: [ app_init ] --END-- [ RunTime:0.000125s ]
INFO: [ app_begin ] --START--
INFO: Run Behavior\ReadHtmlCacheBehavior [ RunTime:0.000101s ]
INFO: [ app_begin ] --END-- [ RunTime:0.000195s ]
SQL: SHOW COLUMNS FROM `myalbum` [ RunTime:0.0006s ]
SQL: SELECT * FROM `myalbum`  [ RunTime:0.0001s ]

[ 2017-05-25T09:43:07+08:00 ] 218.75.119.139 /album/index.php?c=ajax&a=postmsg
INFO: [ app_init ] --START--
INFO: Run Behavior\BuildLiteBehavior [ RunTime:0.000011s ]
INFO: [ app_init ] --END-- [ RunTime:0.000112s ]
INFO: [ app_begin ] --START--
INFO: Run Behavior\ReadHtmlCacheBehavior [ RunTime:0.000083s ]
INFO: [ app_begin ] --END-- [ RunTime:0.000119s ]
SQL: SHOW COLUMNS FROM `myalbum_comments` [ RunTime:0.0007s ]
SQL: INSERT INTO `myalbum_comments` (`name`,`contact`,`message`,`pushtime`) VALUES ('test','123','123333','2017-05-25 09:43:07') [ RunTime:0.0003s ]

[ 2017-05-25T09:43:18+08:00 ] 218.75.119.139 /album/index.php?c=ajax&a=getinfo
INFO: [ app_init ] --START--
INFO: Run Behavior\BuildLiteBehavior [ RunTime:0.000024s ]
INFO: [ app_init ] --END-- [ RunTime:0.000368s ]
INFO: [ app_begin ] --START--
INFO: Run Behavior\ReadHtmlCacheBehavior [ RunTime:0.000086s ]
INFO: [ app_begin ] --END-- [ RunTime:0.000135s ]
SQL: SHOW COLUMNS FROM `myalbum` [ RunTime:0.0007s ]
SQL: SELECT * FROM `myalbum`  [ RunTime:0.0002s ]

[ 2017-05-25T09:43:20+08:00 ] 218.75.119.139 /album/index.php?c=ajax&a=getcmts
INFO: [ app_init ] --START--
INFO: Run Behavior\BuildLiteBehavior [ RunTime:0.000017s ]
INFO: [ app_init ] --END-- [ RunTime:0.000191s ]
INFO: [ app_begin ] --START--
INFO: Run Behavior\ReadHtmlCacheBehavior [ RunTime:0.000099s ]
INFO: [ app_begin ] --END-- [ RunTime:0.000173s ]
SQL: SHOW COLUMNS FROM `myalbum_comments` [ RunTime:0.0008s ]
SQL: SELECT * FROM `myalbum_comments`  [ RunTime:0.0002s ]

[ 2017-05-25T09:43:20+08:00 ] 218.75.119.139 /album/index.php?c=ajax&a=getcmts
INFO: [ app_init ] --START--
INFO: Run Behavior\BuildLiteBehavior [ RunTime:0.000013s ]
INFO: [ app_init ] --END-- [ RunTime:0.000134s ]
INFO: [ app_begin ] --START--
INFO: Run Behavior\ReadHtmlCacheBehavior [ RunTime:0.000087s ]
INFO: [ app_begin ] --END-- [ RunTime:0.000141s ]
SQL: SHOW COLUMNS FROM `myalbum_comments` [ RunTime:0.0006s ]
SQL: SELECT * FROM `myalbum_comments`  [ RunTime:0.0001s ]

[ 2017-05-25T09:43:21+08:00 ] 218.75.119.139 /album/index.php?c=ajax&a=getcmts
INFO: [ app_init ] --START--
INFO: Run Behavior\BuildLiteBehavior [ RunTime:0.000011s ]
INFO: [ app_init ] --END-- [ RunTime:0.000107s ]
INFO: [ app_begin ] --START--
INFO: Run Behavior\ReadHtmlCacheBehavior [ RunTime:0.000063s ]
INFO: [ app_begin ] --END-- [ RunTime:0.000097s ]
SQL: SHOW COLUMNS FROM `myalbum_comments` [ RunTime:0.0005s ]
SQL: SELECT * FROM `myalbum_comments`  [ RunTime:0.0002s ]

[ 2017-05-25T09:43:24+08:00 ] 218.75.119.139 /album/index.php?c=ajax&a=getcmts
INFO: [ app_init ] --START--
INFO: Run Behavior\BuildLiteBehavior [ RunTime:0.000015s ]
INFO: [ app_init ] --END-- [ RunTime:0.000173s ]
INFO: [ app_begin ] --START--
INFO: Run Behavior\ReadHtmlCacheBehavior [ RunTime:0.000083s ]
INFO: [ app_begin ] --END-- [ RunTime:0.000136s ]
SQL: SHOW COLUMNS FROM `myalbum_comments` [ RunTime:0.0005s ]
SQL: SELECT * FROM `myalbum_comments`  [ RunTime:0.0001s ]

[ 2017-05-25T09:43:24+08:00 ] 218.75.119.139 /album/index.php?c=ajax&a=getinfo
INFO: [ app_init ] --START--
INFO: Run Behavior\BuildLiteBehavior [ RunTime:0.000021s ]
INFO: [ app_init ] --END-- [ RunTime:0.000205s ]
INFO: [ app_begin ] --START--
INFO: Run Behavior\ReadHtmlCacheBehavior [ RunTime:0.000124s ]
INFO: [ app_begin ] --END-- [ RunTime:0.000195s ]
SQL: SHOW COLUMNS FROM `myalbum` [ RunTime:0.0011s ]
SQL: SELECT * FROM `myalbum`  [ RunTime:0.0003s ]

[ 2017-05-25T09:43:26+08:00 ] 218.75.119.139 /album/index.php?c=ajax&a=getinfo
INFO: [ app_init ] --START--
INFO: Run Behavior\BuildLiteBehavior [ RunTime:0.000016s ]
INFO: [ app_init ] --END-- [ RunTime:0.000198s ]
INFO: [ app_begin ] --START--
INFO: Run Behavior\ReadHtmlCacheBehavior [ RunTime:0.000103s ]
INFO: [ app_begin ] --END-- [ RunTime:0.000163s ]
SQL: SHOW COLUMNS FROM `myalbum` [ RunTime:0.0008s ]
SQL: SELECT * FROM `myalbum`  [ RunTime:0.0002s ]

[ 2017-05-25T10:05:30+08:00 ] 218.75.119.139 /album/
INFO: [ app_init ] --START--
INFO: Run Behavior\BuildLiteBehavior [ RunTime:0.000010s ]
INFO: [ app_init ] --END-- [ RunTime:0.000112s ]
INFO: [ app_begin ] --START--
INFO: Run Behavior\ReadHtmlCacheBehavior [ RunTime:0.000070s ]
INFO: [ app_begin ] --END-- [ RunTime:0.000105s ]
INFO: [ view_parse ] --START--
INFO: [ template_filter ] --START--
INFO: Run Behavior\ContentReplaceBehavior [ RunTime:0.000042s ]
INFO: [ template_filter ] --END-- [ RunTime:0.000092s ]
NOTIC: [2] constant(): Couldn't find constant AlbumBGMUrl /www/wwwroot/tp3.dingstudio.cn/album/AlbumView/Runtime/Cache/Home/8d82d417c9e6dcefb0a7aaea91753bdf.php 第 126 行.
INFO: Run Behavior\ParseTemplateBehavior [ RunTime:0.002905s ]
INFO: [ view_parse ] --END-- [ RunTime:0.002937s ]
INFO: [ view_filter ] --START--
INFO: Run Behavior\WriteHtmlCacheBehavior [ RunTime:0.000069s ]
INFO: [ view_filter ] --END-- [ RunTime:0.000099s ]
INFO: [ app_end ] --START--
INFO: Run Behavior\ShowPageTraceBehavior [ RunTime:0.000069s ]
INFO: [ app_end ] --END-- [ RunTime:0.000100s ]

[ 2017-05-25T10:05:30+08:00 ] 218.75.119.139 /album/index.php?c=ajax&a=getinfo
INFO: [ app_init ] --START--
INFO: Run Behavior\BuildLiteBehavior [ RunTime:0.000011s ]
INFO: [ app_init ] --END-- [ RunTime:0.000110s ]
INFO: [ app_begin ] --START--
INFO: Run Behavior\ReadHtmlCacheBehavior [ RunTime:0.000064s ]
INFO: [ app_begin ] --END-- [ RunTime:0.000096s ]
SQL: SHOW COLUMNS FROM `myalbum` [ RunTime:0.0005s ]
SQL: SELECT * FROM `myalbum`  [ RunTime:0.0002s ]

[ 2017-05-25T21:35:01+08:00 ] 116.62.162.121 /album/
INFO: [ app_init ] --START--
INFO: Run Behavior\BuildLiteBehavior [ RunTime:0.000018s ]
INFO: [ app_init ] --END-- [ RunTime:0.000187s ]
INFO: [ app_begin ] --START--
INFO: Run Behavior\ReadHtmlCacheBehavior [ RunTime:0.000078s ]
INFO: [ app_begin ] --END-- [ RunTime:0.000114s ]
INFO: [ view_parse ] --START--
INFO: [ template_filter ] --START--
INFO: Run Behavior\ContentReplaceBehavior [ RunTime:0.000072s ]
INFO: [ template_filter ] --END-- [ RunTime:0.000151s ]
NOTIC: [2] constant(): Couldn't find constant AlbumBGMUrl /www/wwwroot/tp3.dingstudio.cn/album/AlbumView/Runtime/Cache/Home/8d82d417c9e6dcefb0a7aaea91753bdf.php 第 126 行.
INFO: Run Behavior\ParseTemplateBehavior [ RunTime:0.006003s ]
INFO: [ view_parse ] --END-- [ RunTime:0.006048s ]
INFO: [ view_filter ] --START--
INFO: Run Behavior\WriteHtmlCacheBehavior [ RunTime:0.000126s ]
INFO: [ view_filter ] --END-- [ RunTime:0.000258s ]
INFO: [ app_end ] --START--
INFO: Run Behavior\ShowPageTraceBehavior [ RunTime:0.000107s ]
INFO: [ app_end ] --END-- [ RunTime:0.000160s ]

[ 2017-05-25T21:35:02+08:00 ] 116.62.162.121 /album/index.php?c=ajax&a=getinfo
INFO: [ app_init ] --START--
INFO: Run Behavior\BuildLiteBehavior [ RunTime:0.000012s ]
INFO: [ app_init ] --END-- [ RunTime:0.000111s ]
INFO: [ app_begin ] --START--
INFO: Run Behavior\ReadHtmlCacheBehavior [ RunTime:0.000070s ]
INFO: [ app_begin ] --END-- [ RunTime:0.000108s ]
SQL: SHOW COLUMNS FROM `myalbum` [ RunTime:0.0009s ]
SQL: SELECT * FROM `myalbum`  [ RunTime:0.0001s ]

[ 2017-05-25T21:35:11+08:00 ] 116.62.162.121 /album/
INFO: [ app_init ] --START--
INFO: Run Behavior\BuildLiteBehavior [ RunTime:0.000015s ]
INFO: [ app_init ] --END-- [ RunTime:0.000168s ]
INFO: [ app_begin ] --START--
INFO: Run Behavior\ReadHtmlCacheBehavior [ RunTime:0.000105s ]
INFO: [ app_begin ] --END-- [ RunTime:0.000166s ]
INFO: [ view_parse ] --START--
INFO: [ template_filter ] --START--
INFO: Run Behavior\ContentReplaceBehavior [ RunTime:0.000080s ]
INFO: [ template_filter ] --END-- [ RunTime:0.000168s ]
NOTIC: [2] constant(): Couldn't find constant AlbumBGMUrl /www/wwwroot/tp3.dingstudio.cn/album/AlbumView/Runtime/Cache/Home/8d82d417c9e6dcefb0a7aaea91753bdf.php 第 126 行.
INFO: Run Behavior\ParseTemplateBehavior [ RunTime:0.005268s ]
INFO: [ view_parse ] --END-- [ RunTime:0.005327s ]
INFO: [ view_filter ] --START--
INFO: Run Behavior\WriteHtmlCacheBehavior [ RunTime:0.000112s ]
INFO: [ view_filter ] --END-- [ RunTime:0.000163s ]
INFO: [ app_end ] --START--
INFO: Run Behavior\ShowPageTraceBehavior [ RunTime:0.000102s ]
INFO: [ app_end ] --END-- [ RunTime:0.000156s ]

