[ 2017-05-26T14:56:22+08:00 ] ::1 /PHPAlbum/index.php?c=ajax&a=getinfo
INFO: [ app_init ] --START--
INFO: Run Behavior\BuildLiteBehavior [ RunTime:0.000083s ]
INFO: [ app_init ] --END-- [ RunTime:0.001790s ]
INFO: [ app_begin ] --START--
INFO: Run Behavior\ReadHtmlCacheBehavior [ RunTime:0.001991s ]
INFO: [ app_begin ] --END-- [ RunTime:0.002392s ]
SQL: SHOW COLUMNS FROM `myalbum` [ RunTime:0.0011s ]
SQL: SELECT * FROM `myalbum`  [ RunTime:0.0003s ]

[ 2017-05-26T14:56:24+08:00 ] ::1 /PHPAlbum/index.php?c=ajax&a=getinfo
INFO: [ app_init ] --START--
INFO: Run Behavior\BuildLiteBehavior [ RunTime:0.000047s ]
INFO: [ app_init ] --END-- [ RunTime:0.001199s ]
INFO: [ app_begin ] --START--
INFO: Run Behavior\ReadHtmlCacheBehavior [ RunTime:0.001566s ]
INFO: [ app_begin ] --END-- [ RunTime:0.001768s ]
SQL: SHOW COLUMNS FROM `myalbum` [ RunTime:0.0013s ]
SQL: SELECT * FROM `myalbum`  [ RunTime:0.0004s ]

[ 2017-05-26T14:56:42+08:00 ] ::1 /PHPAlbum/index.php?c=ajax&a=upload
INFO: [ app_init ] --START--
INFO: Run Behavior\BuildLiteBehavior [ RunTime:0.000045s ]
INFO: [ app_init ] --END-- [ RunTime:0.000916s ]
INFO: [ app_begin ] --START--
INFO: Run Behavior\ReadHtmlCacheBehavior [ RunTime:0.001532s ]
INFO: [ app_begin ] --END-- [ RunTime:0.001720s ]
NOTIC: [8] Undefined index: full_url D:\WAMP\www\PHPAlbum\AlbumView\Home\Controller\AjaxController.class.php 第 89 行.

[ 2017-05-26T14:56:53+08:00 ] ::1 /PHPAlbum/index.php?c=ajax&a=upload
INFO: [ app_init ] --START--
INFO: Run Behavior\BuildLiteBehavior [ RunTime:0.000047s ]
INFO: [ app_init ] --END-- [ RunTime:0.000920s ]
INFO: [ app_begin ] --START--
INFO: Run Behavior\ReadHtmlCacheBehavior [ RunTime:0.001533s ]
INFO: [ app_begin ] --END-- [ RunTime:0.001721s ]
NOTIC: [8] Undefined index: full_url D:\WAMP\www\PHPAlbum\AlbumView\Home\Controller\AjaxController.class.php 第 89 行.

[ 2017-05-26T14:57:28+08:00 ] ::1 /PHPAlbum/index.php?c=ajax&a=upload
INFO: [ app_init ] --START--
INFO: Run Behavior\BuildLiteBehavior [ RunTime:0.000045s ]
INFO: [ app_init ] --END-- [ RunTime:0.000899s ]
INFO: [ app_begin ] --START--
INFO: Run Behavior\ReadHtmlCacheBehavior [ RunTime:0.001608s ]
INFO: [ app_begin ] --END-- [ RunTime:0.001810s ]
NOTIC: [8] Undefined index: full_url D:\WAMP\www\PHPAlbum\AlbumView\Home\Controller\AjaxController.class.php 第 89 行.

[ 2017-05-26T14:58:03+08:00 ] ::1 /PHPAlbum/index.php?c=ajax&a=getcmts
INFO: [ app_init ] --START--
INFO: Run Behavior\BuildLiteBehavior [ RunTime:0.000082s ]
INFO: [ app_init ] --END-- [ RunTime:0.001589s ]
INFO: [ app_begin ] --START--
INFO: Run Behavior\ReadHtmlCacheBehavior [ RunTime:0.002641s ]
INFO: [ app_begin ] --END-- [ RunTime:0.002913s ]
SQL: SHOW COLUMNS FROM `myalbum_comments` [ RunTime:0.0009s ]
SQL: SELECT * FROM `myalbum_comments`  [ RunTime:0.0003s ]

[ 2017-05-26T14:58:25+08:00 ] ::1 /PHPAlbum/
INFO: [ app_init ] --START--
INFO: Run Behavior\BuildLiteBehavior [ RunTime:0.000053s ]
INFO: [ app_init ] --END-- [ RunTime:0.001269s ]
INFO: [ app_begin ] --START--
INFO: Run Behavior\ReadHtmlCacheBehavior [ RunTime:0.002009s ]
INFO: [ app_begin ] --END-- [ RunTime:0.002324s ]
INFO: [ view_parse ] --START--
INFO: [ template_filter ] --START--
INFO: Run Behavior\ContentReplaceBehavior [ RunTime:0.000175s ]
INFO: [ template_filter ] --END-- [ RunTime:0.000422s ]
NOTIC: [2] constant(): Couldn't find constant AlbumBGMUrl D:\WAMP\www\PHPAlbum\AlbumView\Runtime\Cache\Home\8d82d417c9e6dcefb0a7aaea91753bdf.php 第 126 行.
INFO: Run Behavior\ParseTemplateBehavior [ RunTime:0.052096s ]
INFO: [ view_parse ] --END-- [ RunTime:0.052328s ]
INFO: [ view_filter ] --START--
INFO: Run Behavior\WriteHtmlCacheBehavior [ RunTime:0.001333s ]
INFO: [ view_filter ] --END-- [ RunTime:0.001540s ]
INFO: [ app_end ] --START--
INFO: Run Behavior\ShowPageTraceBehavior [ RunTime:0.001654s ]
INFO: [ app_end ] --END-- [ RunTime:0.001874s ]

[ 2017-05-26T14:58:25+08:00 ] ::1 /PHPAlbum/index.php?c=ajax&a=getinfo
INFO: [ app_init ] --START--
INFO: Run Behavior\BuildLiteBehavior [ RunTime:0.000047s ]
INFO: [ app_init ] --END-- [ RunTime:0.000993s ]
INFO: [ app_begin ] --START--
INFO: Run Behavior\ReadHtmlCacheBehavior [ RunTime:0.002114s ]
INFO: [ app_begin ] --END-- [ RunTime:0.002407s ]
SQL: SHOW COLUMNS FROM `myalbum` [ RunTime:0.0009s ]
SQL: SELECT * FROM `myalbum`  [ RunTime:0.0003s ]

[ 2017-05-26T15:01:03+08:00 ] ::1 /PHPAlbum/
INFO: [ app_init ] --START--
INFO: Run Behavior\BuildLiteBehavior [ RunTime:0.000141s ]
INFO: [ app_init ] --END-- [ RunTime:0.002292s ]
INFO: [ app_begin ] --START--
INFO: Run Behavior\ReadHtmlCacheBehavior [ RunTime:0.003322s ]
INFO: [ app_begin ] --END-- [ RunTime:0.003747s ]
INFO: [ view_parse ] --START--
INFO: [ template_filter ] --START--
INFO: Run Behavior\ContentReplaceBehavior [ RunTime:0.000248s ]
INFO: [ template_filter ] --END-- [ RunTime:0.000522s ]
NOTIC: [2] constant(): Couldn't find constant AlbumBGMUrl D:\WAMP\www\PHPAlbum\AlbumView\Runtime\Cache\Home\8d82d417c9e6dcefb0a7aaea91753bdf.php 第 126 行.
INFO: Run Behavior\ParseTemplateBehavior [ RunTime:0.070391s ]
INFO: [ view_parse ] --END-- [ RunTime:0.070697s ]
INFO: [ view_filter ] --START--
INFO: Run Behavior\WriteHtmlCacheBehavior [ RunTime:0.001735s ]
INFO: [ view_filter ] --END-- [ RunTime:0.002005s ]
INFO: [ app_end ] --START--
INFO: Run Behavior\ShowPageTraceBehavior [ RunTime:0.002175s ]
INFO: [ app_end ] --END-- [ RunTime:0.002461s ]

[ 2017-05-26T15:01:03+08:00 ] ::1 /PHPAlbum/index.php?c=ajax&a=getinfo
INFO: [ app_init ] --START--
INFO: Run Behavior\BuildLiteBehavior [ RunTime:0.000058s ]
INFO: [ app_init ] --END-- [ RunTime:0.001195s ]
INFO: [ app_begin ] --START--
INFO: Run Behavior\ReadHtmlCacheBehavior [ RunTime:0.002470s ]
INFO: [ app_begin ] --END-- [ RunTime:0.002795s ]
SQL: SHOW COLUMNS FROM `myalbum` [ RunTime:0.0013s ]
SQL: SELECT * FROM `myalbum`  [ RunTime:0.0005s ]

[ 2017-05-26T15:01:34+08:00 ] ::1 /PHPAlbum/
INFO: [ app_init ] --START--
INFO: Run Behavior\BuildLiteBehavior [ RunTime:0.000087s ]
INFO: [ app_init ] --END-- [ RunTime:0.001699s ]
INFO: [ app_begin ] --START--
INFO: Run Behavior\ReadHtmlCacheBehavior [ RunTime:0.002215s ]
INFO: [ app_begin ] --END-- [ RunTime:0.002646s ]
INFO: [ view_parse ] --START--
INFO: [ template_filter ] --START--
INFO: Run Behavior\ContentReplaceBehavior [ RunTime:0.000258s ]
INFO: [ template_filter ] --END-- [ RunTime:0.000548s ]
NOTIC: [2] constant(): Couldn't find constant AlbumBGMUrl D:\WAMP\www\PHPAlbum\AlbumView\Runtime\Cache\Home\8d82d417c9e6dcefb0a7aaea91753bdf.php 第 126 行.
INFO: Run Behavior\ParseTemplateBehavior [ RunTime:0.075234s ]
INFO: [ view_parse ] --END-- [ RunTime:0.075624s ]
INFO: [ view_filter ] --START--
INFO: Run Behavior\WriteHtmlCacheBehavior [ RunTime:0.001544s ]
INFO: [ view_filter ] --END-- [ RunTime:0.001752s ]
INFO: [ app_end ] --START--
INFO: Run Behavior\ShowPageTraceBehavior [ RunTime:0.001728s ]
INFO: [ app_end ] --END-- [ RunTime:0.001954s ]

[ 2017-05-26T15:01:35+08:00 ] ::1 /PHPAlbum/index.php?c=ajax&a=getinfo
INFO: [ app_init ] --START--
INFO: Run Behavior\BuildLiteBehavior [ RunTime:0.000047s ]
INFO: [ app_init ] --END-- [ RunTime:0.001060s ]
INFO: [ app_begin ] --START--
INFO: Run Behavior\ReadHtmlCacheBehavior [ RunTime:0.002819s ]
INFO: [ app_begin ] --END-- [ RunTime:0.003167s ]
SQL: SHOW COLUMNS FROM `myalbum` [ RunTime:0.0017s ]
SQL: SELECT * FROM `myalbum`  [ RunTime:0.0005s ]

[ 2017-05-26T15:02:29+08:00 ] ::1 /PHPAlbum/
INFO: [ app_init ] --START--
INFO: Run Behavior\BuildLiteBehavior [ RunTime:0.000053s ]
INFO: [ app_init ] --END-- [ RunTime:0.001213s ]
INFO: [ app_begin ] --START--
INFO: Run Behavior\ReadHtmlCacheBehavior [ RunTime:0.002058s ]
INFO: [ app_begin ] --END-- [ RunTime:0.002374s ]
INFO: [ view_parse ] --START--
INFO: [ template_filter ] --START--
INFO: Run Behavior\ContentReplaceBehavior [ RunTime:0.000226s ]
INFO: [ template_filter ] --END-- [ RunTime:0.000497s ]
NOTIC: [2] constant(): Couldn't find constant AlbumBGMUrl D:\WAMP\www\PHPAlbum\AlbumView\Runtime\Cache\Home\8d82d417c9e6dcefb0a7aaea91753bdf.php 第 126 行.
INFO: Run Behavior\ParseTemplateBehavior [ RunTime:0.067903s ]
INFO: [ view_parse ] --END-- [ RunTime:0.068348s ]
INFO: [ view_filter ] --START--
INFO: Run Behavior\WriteHtmlCacheBehavior [ RunTime:0.002558s ]
INFO: [ view_filter ] --END-- [ RunTime:0.002958s ]
INFO: [ app_end ] --START--
INFO: Run Behavior\ShowPageTraceBehavior [ RunTime:0.003354s ]
INFO: [ app_end ] --END-- [ RunTime:0.003799s ]

[ 2017-05-26T15:02:29+08:00 ] ::1 /PHPAlbum/index.php?c=ajax&a=getinfo
INFO: [ app_init ] --START--
INFO: Run Behavior\BuildLiteBehavior [ RunTime:0.000064s ]
INFO: [ app_init ] --END-- [ RunTime:0.001486s ]
INFO: [ app_begin ] --START--
INFO: Run Behavior\ReadHtmlCacheBehavior [ RunTime:0.002115s ]
INFO: [ app_begin ] --END-- [ RunTime:0.002380s ]
SQL: SHOW COLUMNS FROM `myalbum` [ RunTime:0.0012s ]
SQL: SELECT * FROM `myalbum`  [ RunTime:0.0006s ]

[ 2017-05-26T15:02:50+08:00 ] ::1 /PHPAlbum/index.php?c=ajax&a=postmsg
INFO: [ app_init ] --START--
INFO: Run Behavior\BuildLiteBehavior [ RunTime:0.000046s ]
INFO: [ app_init ] --END-- [ RunTime:0.000901s ]
INFO: [ app_begin ] --START--
INFO: Run Behavior\ReadHtmlCacheBehavior [ RunTime:0.001102s ]
INFO: [ app_begin ] --END-- [ RunTime:0.001285s ]
SQL: SHOW COLUMNS FROM `myalbum_comments` [ RunTime:0.0013s ]
SQL: INSERT INTO `myalbum_comments` (`name`,`contact`,`message`,`pushtime`) VALUES ('Christian','+86-15067569672','测试信息','2017-05-26 03:02:50') [ RunTime:0.0005s ]

[ 2017-05-26T15:02:56+08:00 ] ::1 /PHPAlbum/index.php?c=ajax&a=getinfo
INFO: [ app_init ] --START--
INFO: Run Behavior\BuildLiteBehavior [ RunTime:0.000076s ]
INFO: [ app_init ] --END-- [ RunTime:0.001110s ]
INFO: [ app_begin ] --START--
INFO: Run Behavior\ReadHtmlCacheBehavior [ RunTime:0.000864s ]
INFO: [ app_begin ] --END-- [ RunTime:0.001068s ]
SQL: SHOW COLUMNS FROM `myalbum` [ RunTime:0.0009s ]
SQL: SELECT * FROM `myalbum`  [ RunTime:0.0003s ]

[ 2017-05-26T15:02:58+08:00 ] ::1 /PHPAlbum/index.php?c=ajax&a=getcmts
INFO: [ app_init ] --START--
INFO: Run Behavior\BuildLiteBehavior [ RunTime:0.000046s ]
INFO: [ app_init ] --END-- [ RunTime:0.000779s ]
INFO: [ app_begin ] --START--
INFO: Run Behavior\ReadHtmlCacheBehavior [ RunTime:0.000873s ]
INFO: [ app_begin ] --END-- [ RunTime:0.001075s ]
SQL: SHOW COLUMNS FROM `myalbum_comments` [ RunTime:0.0074s ]
SQL: SELECT * FROM `myalbum_comments`  [ RunTime:0.0004s ]

[ 2017-05-26T15:03:15+08:00 ] ::1 /PHPAlbum/index.php?c=ajax&a=remove
INFO: [ app_init ] --START--
INFO: Run Behavior\BuildLiteBehavior [ RunTime:0.000046s ]
INFO: [ app_init ] --END-- [ RunTime:0.000906s ]
INFO: [ app_begin ] --START--
INFO: Run Behavior\ReadHtmlCacheBehavior [ RunTime:0.001689s ]
INFO: [ app_begin ] --END-- [ RunTime:0.001897s ]
SQL: SHOW COLUMNS FROM `myalbum_comments` [ RunTime:0.0013s ]
SQL: DELETE FROM `myalbum_comments` WHERE ( cid=1 ) [ RunTime:0.0518s ]

[ 2017-05-26T15:03:16+08:00 ] ::1 /PHPAlbum/index.php?c=ajax&a=getcmts
INFO: [ app_init ] --START--
INFO: Run Behavior\BuildLiteBehavior [ RunTime:0.000085s ]
INFO: [ app_init ] --END-- [ RunTime:0.002351s ]
INFO: [ app_begin ] --START--
INFO: Run Behavior\ReadHtmlCacheBehavior [ RunTime:0.001864s ]
INFO: [ app_begin ] --END-- [ RunTime:0.002087s ]
SQL: SHOW COLUMNS FROM `myalbum_comments` [ RunTime:0.0073s ]
SQL: SELECT * FROM `myalbum_comments`  [ RunTime:0.0004s ]

[ 2017-05-26T15:03:25+08:00 ] ::1 /PHPAlbum/
INFO: [ app_init ] --START--
INFO: Run Behavior\BuildLiteBehavior [ RunTime:0.000054s ]
INFO: [ app_init ] --END-- [ RunTime:0.001020s ]
INFO: [ app_begin ] --START--
INFO: Run Behavior\ReadHtmlCacheBehavior [ RunTime:0.002351s ]
INFO: [ app_begin ] --END-- [ RunTime:0.002668s ]
INFO: [ view_parse ] --START--
INFO: [ template_filter ] --START--
INFO: Run Behavior\ContentReplaceBehavior [ RunTime:0.000184s ]
INFO: [ template_filter ] --END-- [ RunTime:0.000408s ]
NOTIC: [2] constant(): Couldn't find constant AlbumBGMUrl D:\WAMP\www\PHPAlbum\AlbumView\Runtime\Cache\Home\8d82d417c9e6dcefb0a7aaea91753bdf.php 第 126 行.
INFO: Run Behavior\ParseTemplateBehavior [ RunTime:0.015412s ]
INFO: [ view_parse ] --END-- [ RunTime:0.015629s ]
INFO: [ view_filter ] --START--
INFO: Run Behavior\WriteHtmlCacheBehavior [ RunTime:0.001190s ]
INFO: [ view_filter ] --END-- [ RunTime:0.001382s ]
INFO: [ app_end ] --START--
INFO: Run Behavior\ShowPageTraceBehavior [ RunTime:0.001612s ]
INFO: [ app_end ] --END-- [ RunTime:0.001826s ]

[ 2017-05-26T15:03:25+08:00 ] ::1 /PHPAlbum/index.php?c=ajax&a=getinfo
INFO: [ app_init ] --START--
INFO: Run Behavior\BuildLiteBehavior [ RunTime:0.000045s ]
INFO: [ app_init ] --END-- [ RunTime:0.000923s ]
INFO: [ app_begin ] --START--
INFO: Run Behavior\ReadHtmlCacheBehavior [ RunTime:0.001580s ]
INFO: [ app_begin ] --END-- [ RunTime:0.001798s ]
SQL: SHOW COLUMNS FROM `myalbum` [ RunTime:0.0014s ]
SQL: SELECT * FROM `myalbum`  [ RunTime:0.0004s ]

[ 2017-05-26T15:03:47+08:00 ] ::1 /PHPAlbum/
INFO: [ app_init ] --START--
INFO: Run Behavior\BuildLiteBehavior [ RunTime:0.000048s ]
INFO: [ app_init ] --END-- [ RunTime:0.001003s ]
INFO: [ app_begin ] --START--
INFO: Run Behavior\ReadHtmlCacheBehavior [ RunTime:0.001652s ]
INFO: [ app_begin ] --END-- [ RunTime:0.001901s ]
INFO: [ view_parse ] --START--
INFO: [ template_filter ] --START--
INFO: Run Behavior\ContentReplaceBehavior [ RunTime:0.000175s ]
INFO: [ template_filter ] --END-- [ RunTime:0.000392s ]
NOTIC: [2] constant(): Couldn't find constant AlbumBGMUrl D:\WAMP\www\PHPAlbum\AlbumView\Runtime\Cache\Home\8d82d417c9e6dcefb0a7aaea91753bdf.php 第 126 行.
INFO: Run Behavior\ParseTemplateBehavior [ RunTime:0.059588s ]
INFO: [ view_parse ] --END-- [ RunTime:0.059890s ]
INFO: [ view_filter ] --START--
INFO: Run Behavior\WriteHtmlCacheBehavior [ RunTime:0.001216s ]
INFO: [ view_filter ] --END-- [ RunTime:0.001422s ]
INFO: [ app_end ] --START--
INFO: Run Behavior\ShowPageTraceBehavior [ RunTime:0.001848s ]
INFO: [ app_end ] --END-- [ RunTime:0.002102s ]

[ 2017-05-26T15:03:48+08:00 ] ::1 /PHPAlbum/index.php?c=ajax&a=getinfo
INFO: [ app_init ] --START--
INFO: Run Behavior\BuildLiteBehavior [ RunTime:0.000046s ]
INFO: [ app_init ] --END-- [ RunTime:0.000951s ]
INFO: [ app_begin ] --START--
INFO: Run Behavior\ReadHtmlCacheBehavior [ RunTime:0.001562s ]
INFO: [ app_begin ] --END-- [ RunTime:0.001758s ]
SQL: SHOW COLUMNS FROM `myalbum` [ RunTime:0.0011s ]
SQL: SELECT * FROM `myalbum`  [ RunTime:0.0006s ]

[ 2017-05-26T15:04:16+08:00 ] ::1 /PHPAlbum/
INFO: [ app_init ] --START--
INFO: Run Behavior\BuildLiteBehavior [ RunTime:0.000061s ]
INFO: [ app_init ] --END-- [ RunTime:0.001455s ]
INFO: [ app_begin ] --START--
INFO: Run Behavior\ReadHtmlCacheBehavior [ RunTime:0.002078s ]
INFO: [ app_begin ] --END-- [ RunTime:0.002356s ]
INFO: [ view_parse ] --START--
INFO: [ template_filter ] --START--
INFO: Run Behavior\ContentReplaceBehavior [ RunTime:0.000169s ]
INFO: [ template_filter ] --END-- [ RunTime:0.000382s ]
NOTIC: [2] constant(): Couldn't find constant AlbumBGMUrl D:\WAMP\www\PHPAlbum\AlbumView\Runtime\Cache\Home\8d82d417c9e6dcefb0a7aaea91753bdf.php 第 126 行.
INFO: Run Behavior\ParseTemplateBehavior [ RunTime:0.051201s ]
INFO: [ view_parse ] --END-- [ RunTime:0.051415s ]
INFO: [ view_filter ] --START--
INFO: Run Behavior\WriteHtmlCacheBehavior [ RunTime:0.001298s ]
INFO: [ view_filter ] --END-- [ RunTime:0.001494s ]
INFO: [ app_end ] --START--
INFO: Run Behavior\ShowPageTraceBehavior [ RunTime:0.001626s ]
INFO: [ app_end ] --END-- [ RunTime:0.001843s ]

[ 2017-05-26T15:04:17+08:00 ] ::1 /PHPAlbum/index.php?c=ajax&a=getinfo
INFO: [ app_init ] --START--
INFO: Run Behavior\BuildLiteBehavior [ RunTime:0.000053s ]
INFO: [ app_init ] --END-- [ RunTime:0.001178s ]
INFO: [ app_begin ] --START--
INFO: Run Behavior\ReadHtmlCacheBehavior [ RunTime:0.001606s ]
INFO: [ app_begin ] --END-- [ RunTime:0.001823s ]
SQL: SHOW COLUMNS FROM `myalbum` [ RunTime:0.0010s ]
SQL: SELECT * FROM `myalbum`  [ RunTime:0.0003s ]

[ 2017-05-26T15:04:56+08:00 ] ::1 /PHPAlbum/index.php?c=ajax&a=getinfo
INFO: [ app_init ] --START--
INFO: Run Behavior\BuildLiteBehavior [ RunTime:0.000045s ]
INFO: [ app_init ] --END-- [ RunTime:0.000992s ]
INFO: [ app_begin ] --START--
INFO: Run Behavior\ReadHtmlCacheBehavior [ RunTime:0.001837s ]
INFO: [ app_begin ] --END-- [ RunTime:0.002074s ]
SQL: SHOW COLUMNS FROM `myalbum` [ RunTime:0.0013s ]
SQL: SELECT * FROM `myalbum`  [ RunTime:0.0004s ]

[ 2017-05-26T15:10:03+08:00 ] ::1 /PHPAlbum/index.php?c=ajax&a=getinfo
INFO: [ app_init ] --START--
INFO: Run Behavior\BuildLiteBehavior [ RunTime:0.000049s ]
INFO: [ app_init ] --END-- [ RunTime:0.000982s ]
INFO: [ app_begin ] --START--
INFO: Run Behavior\ReadHtmlCacheBehavior [ RunTime:0.002076s ]
INFO: [ app_begin ] --END-- [ RunTime:0.002350s ]
SQL: SHOW COLUMNS FROM `myalbum` [ RunTime:0.0016s ]
SQL: SELECT * FROM `myalbum`  [ RunTime:0.0005s ]

